{
  message: '📚 Database connected | All Ok',
  level: 'info',
  service: 'user-service',
  label: 'UM',
  timestamp: '2023-07-27T17:14:46.535Z'
}
{
  message: 'Run Time listening on port 5000',
  level: 'info',
  service: 'user-service',
  label: 'UM',
  timestamp: '2023-07-27T17:14:46.567Z'
}
{
  message: '📚 Database connected | All Ok',
  level: 'info',
  service: 'user-service',
  label: 'UM',
  timestamp: '2023-07-27T17:51:40.060Z'
}
{
  message: 'Run Time listening on port 5000',
  level: 'info',
  service: 'user-service',
  label: 'UM',
  timestamp: '2023-07-27T17:51:40.071Z'
}
{
  message: '📚 Database connected | All Ok',
  level: 'info',
  service: 'user-service',
  label: 'UM',
  timestamp: '2023-07-27T17:56:11.810Z'
}
{
  message: 'Run Time listening on port 5000',
  level: 'info',
  service: 'user-service',
  label: 'UM',
  timestamp: '2023-07-27T17:56:11.823Z'
}
